<?xml version="1.0" encoding="UTF-8"?>
<!-- Generated by org.testng.reporters.JUnitReportReporter -->
<testsuite hostname="BishnuDas" name="HelloWorld" tests="1" failures="0" timestamp="10 Mar 2014 06:28:03 GMT" time="27.790" errors="0">
  <testcase name="testGoogle" time="27.790" classname="HelloWorld"/>
</testsuite> <!-- HelloWorld -->
